<?xml version="1.0" encoding="UTF-8"?>
<!-- Generated by org.testng.reporters.JUnitReportReporter -->
<testsuite hostname="DESKTOP-J52LTSG" failures="0" tests="2" name="com.testNg.ZohotestTg" time="4.164" errors="0" timestamp="2022-11-16T19:26:25 IST" skipped="0">
  <testcase classname="com.testNg.ZohotestTg" name="userName" time="2.825"/>
  <system-out/>
  <testcase classname="com.testNg.ZohotestTg" name="capture" time="1.339"/>
  <system-out/>
</testsuite> <!-- com.testNg.ZohotestTg -->
