<?xml version="1.0" encoding="UTF-8"?>
<!-- Generated by org.testng.reporters.JUnitReportReporter -->
<testsuite hostname="DESKTOP-J52LTSG" failures="0" tests="1" name="com.testNg.ZohotestNg" time="3.760" errors="0" timestamp="2022-11-18T15:18:01 IST" skipped="0">
  <testcase classname="com.testNg.ZohotestNg" name="userName" time="3.760"/>
  <system-out/>
</testsuite> <!-- com.testNg.ZohotestNg -->
